<?xml version="1.0" encoding="UTF-8"?>
<!-- Generated by org.testng.reporters.JUnitReportReporter -->
<testsuite skipped="0" hostname="User-PC" name="vin.Login" tests="2" failures="0" timestamp="29 Jun 2020 14:16:40 GMT" time="48.682" errors="0">
  <testcase name="forgotpwd" time="0.002" classname="vin.Login"/>
  <testcase name="logi" time="48.680" classname="vin.Login"/>
</testsuite> <!-- vin.Login -->
