<?xml version="1.0" encoding="UTF-8"?>
<!-- Generated by org.testng.reporters.JUnitReportReporter -->
<testsuite skipped="0" hostname="User-PC" name="cucumber.Options.TestRunner" tests="1" failures="0" timestamp="30 Jun 2020 19:04:26 GMT" time="68.180" errors="0">
  <testcase name="feature" time="68.180" classname="cucumber.Options.TestRunner"/>
</testsuite> <!-- cucumber.Options.TestRunner -->
