<?xml version="1.0" encoding="UTF-8"?>
<!-- Generated by org.testng.reporters.JUnitReportReporter -->
<testsuite skipped="0" hostname="User-PC" name="vin.ValidateLandingContact" tests="1" failures="0" timestamp="29 Jun 2020 14:16:40 GMT" time="4.094" errors="0">
  <testcase name="validateContact" time="4.094" classname="vin.ValidateLandingContact"/>
</testsuite> <!-- vin.ValidateLandingContact -->
