<?xml version="1.0" encoding="UTF-8"?>
<!-- Generated by org.testng.reporters.JUnitReportReporter -->
<testsuite skipped="0" hostname="User-PC" name="vin.ValidateLandingPage" tests="2" failures="0" timestamp="29 Jun 2020 14:16:40 GMT" time="4.669" errors="0">
  <testcase name="validate" time="3.517" classname="vin.ValidateLandingPage"/>
  <testcase name="validateBanner_LandingPage" time="1.152" classname="vin.ValidateLandingPage"/>
</testsuite> <!-- vin.ValidateLandingPage -->
